<?xml version="1.0" encoding="UTF-8"?>
<!-- Generated by org.testng.reporters.JUnitReportReporter -->
<testsuite skipped="0" hostname="LNR25921WIN" name="commandlinetestng.runfromcommand" tests="1" failures="0" timestamp="08 Dec 2018 09:20:03 GMT" time="0.010" errors="0">
  <testcase name="test1" time="0.010" classname="commandlinetestng.runfromcommand"/>
</testsuite> <!-- commandlinetestng.runfromcommand -->
