<?xml version="1.0" encoding="UTF-8"?>
<!-- Generated by org.testng.reporters.JUnitReportReporter -->
<testsuite hostname="LNR25921WIN" name="checkboxes" tests="1" failures="0" timestamp="22 Nov 2018 04:48:39 GMT" time="18.934" errors="0">
  <testcase name="testdriver" time="18.934" classname="checkboxes"/>
</testsuite> <!-- checkboxes -->
