<?xml version="1.0" encoding="UTF-8"?>
<!-- Generated by org.testng.reporters.JUnitReportReporter -->
<testsuite hostname="LNR25921WIN" name="Contextmenu" tests="1" failures="0" timestamp="22 Nov 2018 05:48:44 GMT" time="24.869" errors="0">
  <testcase name="testdriver" time="24.869" classname="Contextmenu"/>
</testsuite> <!-- Contextmenu -->
