<?xml version="1.0" encoding="UTF-8"?>
<!-- Generated by org.testng.reporters.JUnitReportReporter -->
<testsuite hostname="LNR25921WIN" name="brokenimage" tests="1" failures="0" timestamp="5 Dec 2018 02:08:16 GMT" time="9.560" errors="0">
  <testcase name="testdriver" time="9.560" classname="brokenimage"/>
</testsuite> <!-- brokenimage -->
